<?xml version="1.0" encoding="UTF-8"?>
<!-- Generated by org.testng.reporters.JUnitXMLReporter -->
<testsuite hostname="priyapavan" ignored="0" name="Test" tests="4" failures="0" timestamp="15 Aug 2020 06:35:59 GMT" time="66.024" errors="0">
  <testcase name="SystemAdmin" time="4.882" classname="TestLayer.Programone"/>
  <testcase name="ESSUser" time="4.507" classname="TestLayer.Programone"/>
  <testcase name="firstLevelSupervisor" time="4.523" classname="TestLayer.Programone"/>
  <testcase name="Admin" time="16.232" classname="TestLayer.Programone"/>
</testsuite> <!-- Test -->
